<?xml version="1.0" encoding="UTF-8"?>
<testng-results ignored="0" total="2" passed="2" failed="0" skipped="0">
  <reporter-output>
  </reporter-output>
  <suite started-at="2023-08-05T08:59:26 IST" name="Default suite" finished-at="2023-08-05T08:59:51 IST" duration-ms="25280">
    <groups>
      <group name="cucumber">
        <method signature="AbstractTestNGCucumberTests.runScenario(io.cucumber.testng.PickleWrapper,io.cucumber.testng.FeatureWrapper)[pri:0, instance:TestRunner.RunnerTest@17f62e33]" name="runScenario" class="io.cucumber.testng.AbstractTestNGCucumberTests"/>
      </group> <!-- cucumber -->
    </groups>
    <test started-at="2023-08-05T08:59:26 IST" name="Default test" finished-at="2023-08-05T08:59:51 IST" duration-ms="25280">
      <class name="TestRunner.RunnerTest">
        <test-method is-config="true" signature="setUpClass(org.testng.ITestContext)[pri:0, instance:TestRunner.RunnerTest@17f62e33]" started-at="2023-08-05T08:59:26 IST" name="setUpClass" finished-at="2023-08-05T08:59:27 IST" duration-ms="845" status="PASS">
          <params>
            <param index="0">
              <value>
                <![CDATA[org.testng.TestRunner@1eb906f3]]>
              </value>
            </param>
          </params>
          <reporter-output>
          </reporter-output>
        </test-method> <!-- setUpClass -->
        <test-method signature="runScenario(io.cucumber.testng.PickleWrapper,io.cucumber.testng.FeatureWrapper)[pri:0, instance:TestRunner.RunnerTest@17f62e33]" started-at="2023-08-05T08:59:27 IST" name="runScenario" description="Runs Cucumber Scenarios" data-provider="scenarios" finished-at="2023-08-05T08:59:38 IST" duration-ms="11264" status="PASS">
          <params>
            <param index="0">
              <value>
                <![CDATA["Test login Functionality"]]>
              </value>
            </param>
            <param index="1">
              <value>
                <![CDATA["Test Cogmento CRM application"]]>
              </value>
            </param>
          </params>
          <reporter-output>
          </reporter-output>
        </test-method> <!-- runScenario -->
        <test-method signature="runScenario(io.cucumber.testng.PickleWrapper,io.cucumber.testng.FeatureWrapper)[pri:0, instance:TestRunner.RunnerTest@17f62e33]" started-at="2023-08-05T08:59:38 IST" name="runScenario" description="Runs Cucumber Scenarios" data-provider="scenarios" finished-at="2023-08-05T08:59:41 IST" duration-ms="2961" status="PASS">
          <params>
            <param index="0">
              <value>
                <![CDATA["Test Home Page Functionality"]]>
              </value>
            </param>
            <param index="1">
              <value>
                <![CDATA["Test Cogmento CRM application"]]>
              </value>
            </param>
          </params>
          <reporter-output>
          </reporter-output>
        </test-method> <!-- runScenario -->
        <test-method is-config="true" signature="tearDownClass()[pri:0, instance:TestRunner.RunnerTest@17f62e33]" started-at="2023-08-05T08:59:41 IST" name="tearDownClass" finished-at="2023-08-05T08:59:51 IST" duration-ms="10164" status="PASS">
          <reporter-output>
          </reporter-output>
        </test-method> <!-- tearDownClass -->
      </class> <!-- TestRunner.RunnerTest -->
    </test> <!-- Default test -->
  </suite> <!-- Default suite -->
</testng-results>
